{
  "RSpec": {
    "coverage": {
      "/Users/henryvanwagenberg/Desktop/workspace/stoic_penknife/spec/controllers/exercises_controller_spec.rb": [
        1,
        null,
        1,
        1,
        8,
        null,
        1,
        7,
        7,
        null,
        null,
        1,
        null,
        1,
        1,
        0,
        0,
        null,
        null,
        1,
        2,
        null,
        null,
        1,
        1,
        1,
        null,
        1,
        1,
        null,
        1,
        0,
        null,
        0,
        null,
        null,
        1,
        1,
        1,
        null,
        1,
        0,
        null,
        0,
        null,
        null,
        null,
        1,
        1,
        1,
        null,
        null,
        null,
        1,
        null,
        0,
        0,
        null,
        0,
        null,
        null,
        1,
        1,
        1,
        null,
        null,
        null,
        1,
        0,
        null,
        0,
        null,
        null,
        null,
        1,
        1,
        1,
        null,
        null,
        1,
        null,
        1,
        null,
        1,
        0,
        null,
        0,
        null,
        null,
        null,
        null,
        null
      ],
      "/Users/henryvanwagenberg/Desktop/workspace/stoic_penknife/spec/rails_helper.rb": [
        null,
        1,
        1,
        1,
        1,
        null,
        null,
        null,
        null,
        null,
        null,
        null,
        null,
        null,
        null,
        null,
        null,
        null,
        null,
        null,
        null,
        null,
        null,
        null,
        1,
        null,
        1,
        null,
        1,
        null,
        null,
        null,
        null,
        1,
        null,
        1,
        1,
        1,
        null,
        null,
        null,
        null,
        null,
        null,
        null,
        null,
        null,
        null,
        null,
        null,
        null,
        1,
        null
      ],
      "/Users/henryvanwagenberg/Desktop/workspace/stoic_penknife/app/controllers/exercises_controller.rb": [
        1,
        1,
        1,
        null,
        null,
        1,
        null,
        null,
        null,
        1,
        0,
        0,
        null,
        null,
        null,
        null,
        null,
        1,
        0,
        0,
        0,
        0,
        null,
        null,
        null,
        null,
        1,
        0,
        0,
        0,
        0,
        null,
        null,
        null,
        null,
        1,
        null,
        null,
        null,
        1,
        0,
        0,
        null,
        null,
        null,
        null,
        1,
        null,
        null,
        null,
        null,
        1,
        0,
        null,
        null,
        1,
        null,
        null,
        1,
        0,
        null,
        null,
        null,
        null,
        1,
        0,
        null,
        null,
        null,
        null,
        null,
        null,
        null,
        null,
        null
      ],
      "/Users/henryvanwagenberg/Desktop/workspace/stoic_penknife/spec/features/admin_user_exercise_spec.rb": [
        1,
        1,
        1,
        1,
        null,
        1,
        1,
        3,
        1,
        1,
        null,
        null,
        1,
        1,
        null,
        null,
        1,
        0,
        0,
        null,
        null,
        1,
        0,
        0,
        0,
        null,
        null,
        1,
        1,
        null,
        null,
        1,
        0,
        null,
        null,
        1,
        0,
        null,
        null
      ],
      "/Users/henryvanwagenberg/Desktop/workspace/stoic_penknife/spec/spec_helpers/create_exercise_steps.rb": [
        1,
        28,
        28,
        null,
        null,
        1,
        12,
        12,
        12,
        12,
        null,
        null,
        1,
        9,
        9,
        9,
        9,
        9,
        8,
        8,
        null,
        null,
        1,
        11,
        11,
        11,
        11,
        null,
        null,
        1,
        11,
        11,
        11,
        11,
        11,
        null,
        null,
        1,
        0,
        null,
        null,
        1,
        1,
        null,
        null,
        1,
        0,
        null,
        null,
        1,
        0,
        null
      ],
      "/Users/henryvanwagenberg/Desktop/workspace/stoic_penknife/spec/spec_helpers/user_steps.rb": [
        1,
        11,
        11,
        11,
        11,
        11,
        11,
        null,
        null,
        1,
        1,
        1,
        1,
        1,
        1,
        1,
        null,
        null,
        1,
        3,
        0,
        0,
        0,
        0,
        null,
        null,
        1,
        3,
        3,
        3,
        3,
        3,
        null,
        null,
        1,
        3,
        1,
        1,
        1,
        1,
        null,
        null,
        1,
        0,
        0,
        0,
        null,
        null,
        null,
        null
      ],
      "/Users/henryvanwagenberg/Desktop/workspace/stoic_penknife/spec/features/normal_user_exercise_spec.rb": [
        1,
        1,
        1,
        1,
        null,
        1,
        1,
        3,
        0,
        0,
        null,
        null,
        1,
        0,
        null,
        null,
        1,
        0,
        0,
        null,
        null,
        1,
        0,
        0,
        null,
        null,
        1,
        0,
        null,
        null,
        1,
        0,
        null,
        null,
        1,
        0,
        null,
        null,
        null,
        null,
        null
      ],
      "/Users/henryvanwagenberg/Desktop/workspace/stoic_penknife/spec/models/admin_user_spec.rb": [
        1,
        null,
        1,
        1,
        null
      ],
      "/Users/henryvanwagenberg/Desktop/workspace/stoic_penknife/spec/models/doctrine_spec.rb": [
        1,
        null,
        1,
        1,
        1,
        1,
        null,
        null,
        1,
        1,
        1,
        null,
        1,
        1,
        1,
        null,
        null,
        1,
        1,
        null,
        null,
        null,
        null,
        1,
        null,
        null,
        1,
        1,
        1,
        null,
        null,
        1,
        1,
        null,
        null,
        null,
        1,
        1,
        1,
        1,
        null,
        null,
        1,
        1,
        null,
        null,
        null,
        1,
        1,
        1,
        null,
        null,
        1,
        1,
        1,
        null,
        null,
        null,
        null
      ],
      "/Users/henryvanwagenberg/Desktop/workspace/stoic_penknife/app/models/doctrine.rb": [
        1,
        1,
        1,
        null,
        1,
        1,
        null,
        null,
        1,
        1,
        1,
        1,
        null,
        1,
        null,
        null,
        1,
        2,
        null,
        null,
        1,
        1,
        1,
        null,
        null,
        null
      ],
      "/Users/henryvanwagenberg/Desktop/workspace/stoic_penknife/spec/models/doctrine_tagging_spec.rb": [
        1,
        null,
        1,
        1,
        null
      ],
      "/Users/henryvanwagenberg/Desktop/workspace/stoic_penknife/app/models/doctrine_tagging.rb": [
        1,
        1,
        1,
        null
      ],
      "/Users/henryvanwagenberg/Desktop/workspace/stoic_penknife/spec/models/e_answer_spec.rb": [
        1,
        1,
        1,
        null,
        1,
        1,
        3,
        3,
        3,
        null,
        null,
        1,
        1,
        null,
        null,
        1,
        1,
        null,
        null,
        1,
        1,
        0,
        null,
        null
      ],
      "/Users/henryvanwagenberg/Desktop/workspace/stoic_penknife/app/models/e_answer.rb": [
        1,
        1,
        1,
        null,
        null,
        null
      ],
      "/Users/henryvanwagenberg/Desktop/workspace/stoic_penknife/spec/models/e_question_spec.rb": [
        1,
        1,
        null,
        1,
        1,
        1,
        1,
        1,
        null,
        null,
        1,
        1,
        null,
        null,
        1,
        1,
        null
      ],
      "/Users/henryvanwagenberg/Desktop/workspace/stoic_penknife/app/models/e_question.rb": [
        1,
        1,
        1,
        1,
        0,
        null,
        null
      ],
      "/Users/henryvanwagenberg/Desktop/workspace/stoic_penknife/spec/models/exercise_spec.rb": [
        1,
        null,
        1,
        1,
        1,
        1,
        1,
        1,
        null,
        1,
        null,
        1,
        1,
        null,
        null,
        1,
        1,
        1,
        1,
        1,
        null,
        1,
        null,
        1,
        null,
        null,
        null
      ],
      "/Users/henryvanwagenberg/Desktop/workspace/stoic_penknife/spec/models/exercise_tagging_spec.rb": [
        1,
        null,
        1,
        1,
        null
      ],
      "/Users/henryvanwagenberg/Desktop/workspace/stoic_penknife/app/models/quotation.rb": [
        1,
        1,
        1,
        null,
        1,
        0,
        null,
        null,
        null,
        null,
        null,
        1,
        0,
        0,
        0,
        null,
        0,
        null,
        null,
        1,
        0,
        null,
        null,
        1,
        0,
        0,
        null,
        null,
        null
      ],
      "/Users/henryvanwagenberg/Desktop/workspace/stoic_penknife/spec/models/quotation_spec.rb": [
        1,
        null,
        null,
        null,
        null,
        null,
        null,
        null,
        null,
        null,
        1,
        null,
        1,
        1,
        0,
        null,
        null,
        null,
        1,
        null,
        0,
        0,
        null,
        0,
        0,
        null,
        0,
        null,
        null,
        null,
        null,
        1,
        0,
        null,
        null,
        null,
        null,
        0,
        null,
        null,
        null,
        null,
        null,
        null,
        1,
        1,
        0,
        null,
        null,
        1,
        0,
        null,
        null,
        1,
        0,
        null,
        null,
        null,
        null,
        1,
        1,
        1,
        0,
        null,
        null,
        1,
        0,
        null,
        null,
        1,
        1,
        0,
        null,
        null,
        1,
        0,
        0,
        null,
        null,
        null,
        null
      ],
      "/Users/henryvanwagenberg/Desktop/workspace/stoic_penknife/spec/models/quotation_tagging_spec.rb": [
        1,
        null,
        1,
        1,
        null
      ],
      "/Users/henryvanwagenberg/Desktop/workspace/stoic_penknife/app/models/quotation_tagging.rb": [
        1,
        1,
        1,
        null
      ],
      "/Users/henryvanwagenberg/Desktop/workspace/stoic_penknife/spec/models/rehearsal_spec.rb": [
        1,
        1,
        1,
        null,
        1,
        1,
        7,
        7,
        7,
        7,
        7,
        null,
        null,
        1,
        1,
        null,
        null,
        1,
        1,
        null,
        null,
        null,
        null,
        1,
        null,
        null,
        1,
        1,
        null,
        null,
        1,
        1,
        1,
        1,
        1,
        null,
        null,
        1,
        1,
        1,
        null,
        null,
        1,
        1,
        null,
        null,
        1,
        1,
        null,
        null,
        null
      ],
      "/Users/henryvanwagenberg/Desktop/workspace/stoic_penknife/app/models/rehearsal.rb": [
        1,
        1,
        1,
        1,
        1,
        1,
        1,
        null
      ],
      "/Users/henryvanwagenberg/Desktop/workspace/stoic_penknife/spec/models/tag_spec.rb": [
        1,
        null,
        1,
        1,
        null
      ],
      "/Users/henryvanwagenberg/Desktop/workspace/stoic_penknife/app/models/tag.rb": [
        1,
        1,
        1,
        1,
        1,
        1,
        1,
        null,
        1,
        null,
        null,
        null,
        null,
        null,
        null,
        null,
        null
      ],
      "/Users/henryvanwagenberg/Desktop/workspace/stoic_penknife/app/controllers/welcome_controller.rb": [
        1,
        1,
        null,
        null
      ]
    },
    "timestamp": 1557741929
  }
}
